<?xml version="1.0" encoding="utf-8"?><testsuites name="pytest tests"><testsuite name="pytest" errors="0" failures="0" skipped="0" tests="10" time="19.289" timestamp="2026-09-18T05:13:42.129062+00:00" hostname="agent-env-da20f7cf-66a0-4b04-8311-f80514897e4d"><testcase classname="tests.test_iteration34_calls_practice_captions.TestPracticeAvailabilityAndQueue" name="test_availability_requires_online_ws_and_partner_listing" time="1.808" /><testcase classname="tests.test_iteration34_calls_practice_captions.TestPracticeAvailabilityAndQueue" name="test_queue_match_cancel_and_single_reserved_callid" time="1.019" /><testcase classname="tests.test_iteration34_calls_practice_captions.TestRtcSignalingAndCaptionGates" name="test_participant_only_signaling_and_media_ready_connection_gate" time="1.861" /><testcase classname="tests.test_iteration34_calls_practice_captions.TestCaptionEngineRuntime" name="test_caption_audio_validation_and_local_translation_output" time="5.482" /><testcase classname="tests.test_iteration35_calls_filters_rooms.TestPracticeAllFilters" name="test_all_lists_cross_language_partner_but_nonall_filter_excludes" time="2.088" /><testcase classname="tests.test_iteration35_calls_filters_rooms.TestPracticeAllFilters" name="test_random_all_matches_with_different_queued_language" time="0.924" /><testcase classname="tests.test_iteration35_calls_filters_rooms.TestPracticeAllFilters" name="test_delete_queue_cancels_pending_random_reservation_and_invalidates_signaling" time="0.971" /><testcase classname="tests.test_iteration35_calls_filters_rooms.TestPracticeGuards" name="test_direct_call_requires_opt_in_and_blocks_self" time="0.836" /><testcase classname="tests.test_iteration35_calls_filters_rooms.TestPracticeGuards" name="test_blocked_user_hidden_from_practice_partner_and_call" time="1.084" /><testcase classname="tests.test_iteration35_calls_filters_rooms.TestVoiceRoomRelayMembership" name="test_room_rtc_relay_allows_joined_peer_blocks_outsider_and_revokes_after_kick_end" time="3.153" /></testsuite></testsuites>