<?xml version="1.0" encoding="utf-8"?><testsuites name="pytest tests"><testsuite name="pytest" errors="0" failures="0" skipped="0" tests="17" time="20.653" timestamp="2026-09-18T07:13:27.244798+00:00" hostname="agent-env-da20f7cf-66a0-4b04-8311-f80514897e4d"><testcase classname="tests.test_iteration34_calls_practice_captions.TestPracticeAvailabilityAndQueue" name="test_availability_requires_online_ws_and_partner_listing" time="1.737" /><testcase classname="tests.test_iteration34_calls_practice_captions.TestPracticeAvailabilityAndQueue" name="test_queue_match_cancel_and_single_reserved_callid" time="0.980" /><testcase classname="tests.test_iteration34_calls_practice_captions.TestRtcSignalingAndCaptionGates" name="test_participant_only_signaling_and_media_ready_connection_gate" time="1.818" /><testcase classname="tests.test_iteration34_calls_practice_captions.TestCaptionEngineRuntime" name="test_caption_audio_validation_and_local_translation_output" time="5.128" /><testcase classname="tests.test_iteration35_calls_filters_rooms.TestPracticeAllFilters" name="test_all_lists_cross_language_partner_but_nonall_filter_excludes" time="2.020" /><testcase classname="tests.test_iteration35_calls_filters_rooms.TestPracticeAllFilters" name="test_random_all_matches_with_different_queued_language" time="0.918" /><testcase classname="tests.test_iteration35_calls_filters_rooms.TestPracticeAllFilters" name="test_delete_queue_cancels_pending_random_reservation_and_invalidates_signaling" time="0.959" /><testcase classname="tests.test_iteration35_calls_filters_rooms.TestPracticeGuards" name="test_direct_call_requires_opt_in_and_blocks_self" time="0.820" /><testcase classname="tests.test_iteration35_calls_filters_rooms.TestPracticeGuards" name="test_blocked_user_hidden_from_practice_partner_and_call" time="0.957" /><testcase classname="tests.test_iteration35_calls_filters_rooms.TestVoiceRoomRelayMembership" name="test_room_rtc_relay_allows_joined_peer_blocks_outsider_and_revokes_after_kick_end" time="3.055" /><testcase classname="tests.test_iteration37_billing_and_practice_toggle.TestBillingSafety" name="test_legacy_vip_and_topup_endpoints_are_410_and_wallet_unchanged" time="1.170" /><testcase classname="tests.test_iteration37_billing_and_practice_toggle.TestBillingSafety" name="test_vip_market_catalog_item_is_not_coin_buyable" time="0.195" /><testcase classname="tests.test_iteration37_billing_and_practice_toggle.TestBillingSafety" name="test_unknown_purchase_endpoint_cannot_grant_vip" time="0.060" /><testcase classname="tests.test_iteration37_billing_and_practice_toggle.TestPracticeGiftMutualExclusion" name="test_both_true_payload_rejected_with_422" time="0.060" /><testcase classname="tests.test_iteration37_billing_and_practice_toggle.TestPracticeGiftMutualExclusion" name="test_enable_one_mode_auto_disables_other_and_both_false_allowed" time="0.176" /><testcase classname="tests.test_iteration37_billing_and_practice_toggle.TestPracticeGiftMutualExclusion" name="test_concurrent_enable_attempts_never_persist_both_true" time="0.335" /><testcase classname="tests.test_iteration37_billing_and_practice_toggle.TestPracticeGiftMutualExclusion" name="test_practice_status_prioritizes_paid_mode_over_gift_gate" time="0.196" /></testsuite></testsuites>