<?xml version="1.0" encoding="utf-8"?><testsuites name="pytest tests"><testsuite name="pytest" errors="0" failures="0" skipped="0" tests="9" time="0.089" timestamp="2026-09-18T23:16:12.429802+00:00" hostname="agent-env-da20f7cf-66a0-4b04-8311-f80514897e4d"><testcase classname="backend.tests.test_iteration54_branding_assets.TestBrandingAssets" name="test_source_png_dimensions_rgba" time="0.004" /><testcase classname="backend.tests.test_iteration54_branding_assets.TestBrandingAssets" name="test_transparent_assets_have_expected_dimensions_and_alpha[icon.png-size0]" time="0.017" /><testcase classname="backend.tests.test_iteration54_branding_assets.TestBrandingAssets" name="test_transparent_assets_have_expected_dimensions_and_alpha[android-icon.png-size1]" time="0.016" /><testcase classname="backend.tests.test_iteration54_branding_assets.TestBrandingAssets" name="test_transparent_assets_have_expected_dimensions_and_alpha[adaptive-icon.png-size2]" time="0.013" /><testcase classname="backend.tests.test_iteration54_branding_assets.TestBrandingAssets" name="test_transparent_assets_have_expected_dimensions_and_alpha[splash-icon.png-size3]" time="0.004" /><testcase classname="backend.tests.test_iteration54_branding_assets.TestBrandingAssets" name="test_transparent_assets_have_expected_dimensions_and_alpha[brand-logo.png-size4]" time="0.001" /><testcase classname="backend.tests.test_iteration54_branding_assets.TestBrandingAssets" name="test_transparent_assets_have_expected_dimensions_and_alpha[favicon.png-size5]" time="0.000" /><testcase classname="backend.tests.test_iteration54_branding_assets.TestBrandingAssets" name="test_ios_icon_is_opaque_and_explicitly_configured" time="0.000" /><testcase classname="backend.tests.test_iteration54_branding_assets.TestBrandingAssets" name="test_splash_plugin_uses_transparent_asset_contain_and_theme_backgrounds" time="0.000" /></testsuite></testsuites>