<?xml version="1.0" encoding="utf-8"?><testsuites name="pytest tests"><testsuite name="pytest" errors="0" failures="1" skipped="0" tests="13" time="5.536" timestamp="2026-09-18T15:05:47.015797+00:00" hostname="agent-env-da20f7cf-66a0-4b04-8311-f80514897e4d"><testcase classname="backend.tests.test_iteration49_translation_and_push_readiness.TestTranslationCore" name="test_no_httpx_import_in_local_translation_modules" time="0.000" /><testcase classname="backend.tests.test_iteration49_translation_and_push_readiness.TestTranslationCore" name="test_supported_multilingual_translations_local_provider" time="1.622" /><testcase classname="backend.tests.test_iteration49_translation_and_push_readiness.TestTranslationCore" name="test_source_detection_sane_for_bn_and_ja" time="0.128" /><testcase classname="backend.tests.test_iteration49_translation_and_push_readiness.TestTranslationCore" name="test_multiline_and_whitespace_preserved" time="0.071" /><testcase classname="backend.tests.test_iteration49_translation_and_push_readiness.TestTranslationCore" name="test_long_input_not_silently_truncated" time="0.066" /><testcase classname="backend.tests.test_iteration49_translation_and_push_readiness.TestTranslationCore" name="test_same_language_identity_valid" time="0.065" /><testcase classname="backend.tests.test_iteration49_translation_and_push_readiness.TestTranslationCore" name="test_emoji_and_numbers_remain_valid" time="0.077"><failure message="AssertionError: assert ('✅' in 'Orden #12345 está listo' or '🙂' in 'Orden #12345 está listo')">backend/tests/test_iteration49_translation_and_push_readiness.py:164: in test_emoji_and_numbers_remain_valid
    assert "✅" in translated or "🙂" in translated
E   AssertionError: assert ('✅' in 'Orden #12345 está listo' or '🙂' in 'Orden #12345 está listo')</failure></testcase><testcase classname="backend.tests.test_iteration49_translation_and_push_readiness.TestTranslationCore" name="test_unsupported_targets_te_eo_rejected" time="1.656" /><testcase classname="backend.tests.test_iteration49_translation_and_push_readiness.TestTranslationCore" name="test_empty_text_returns_422" time="0.069" /><testcase classname="backend.tests.test_iteration49_translation_and_push_readiness.TestTranslationCore" name="test_cache_true_on_repeat_same_user_and_not_shared_first_other_user" time="1.330" /><testcase classname="backend.tests.test_iteration49_translation_and_push_readiness.TestTranslationCore" name="test_dedup_concurrent_same_user_request" time="0.174" /><testcase classname="backend.tests.test_iteration49_translation_and_push_readiness.TestTranslationCore" name="test_translation_languages_endpoint_does_not_advertise_te_eo" time="0.092" /><testcase classname="backend.tests.test_iteration49_translation_and_push_readiness.TestPushPreviewReadiness" name="test_register_push_returns_503_with_placeholder_key" time="0.088" /></testsuite></testsuites>