<?xml version="1.0" encoding="utf-8"?><testsuites name="pytest tests"><testsuite name="pytest" errors="0" failures="0" skipped="1" tests="7" time="5.346" timestamp="2026-09-18T10:25:46.101291+00:00" hostname="agent-env-da20f7cf-66a0-4b04-8311-f80514897e4d"><testcase classname="backend.tests.test_iteration40_push_calls_rooms_privacy.TestPush" name="test_register_push_placeholder_returns_503_not_fake_200" time="1.097" /><testcase classname="backend.tests.test_iteration40_push_calls_rooms_privacy.TestPush" name="test_register_push_validates_platform_and_token_length" time="0.131" /><testcase classname="backend.tests.test_iteration40_push_calls_rooms_privacy.TestPush" name="test_chat_message_persists_even_when_push_unconfigured" time="0.191" /><testcase classname="backend.tests.test_iteration40_push_calls_rooms_privacy.TestCalls" name="test_captions_routes_unregistered_intentional_404" time="0.127" /><testcase classname="backend.tests.test_iteration40_push_calls_rooms_privacy.TestCalls" name="test_offline_offer_returns_call_unavailable" time="0.346" /><testcase classname="backend.tests.test_iteration40_push_calls_rooms_privacy.TestCalls" name="test_incoming_visibility_and_ringing_ownership" time="0.124"><skipped type="pytest.skip" message="Could not create call for visibility test (all candidate receivers busy)">/app/backend/tests/test_iteration40_push_calls_rooms_privacy.py:241: Could not create call for visibility test (all candidate receivers busy)</skipped></testcase><testcase classname="backend.tests.test_iteration40_push_calls_rooms_privacy.TestRoomsPrivacy" name="test_hand_and_invitation_visibility_and_private_reject_events" time="3.251" /></testsuite></testsuites>