<?xml version="1.0" encoding="utf-8"?><testsuites name="pytest tests"><testsuite name="pytest" errors="0" failures="0" skipped="0" tests="22" time="45.795" timestamp="2026-09-18T23:13:12.917224+00:00" hostname="agent-env-da20f7cf-66a0-4b04-8311-f80514897e4d"><testcase classname="backend.tests.test_iteration49_translation_and_push_readiness.TestTranslationCore" name="test_no_httpx_import_in_local_translation_modules" time="0.000" /><testcase classname="backend.tests.test_iteration49_translation_and_push_readiness.TestTranslationCore" name="test_supported_multilingual_translations_local_provider" time="8.104" /><testcase classname="backend.tests.test_iteration49_translation_and_push_readiness.TestTranslationCore" name="test_source_detection_sane_for_bn_and_ja" time="0.748" /><testcase classname="backend.tests.test_iteration49_translation_and_push_readiness.TestTranslationCore" name="test_multiline_and_whitespace_preserved" time="0.688" /><testcase classname="backend.tests.test_iteration49_translation_and_push_readiness.TestTranslationCore" name="test_long_input_not_silently_truncated" time="29.521" /><testcase classname="backend.tests.test_iteration49_translation_and_push_readiness.TestTranslationCore" name="test_same_language_identity_valid" time="0.163" /><testcase classname="backend.tests.test_iteration49_translation_and_push_readiness.TestTranslationCore" name="test_emoji_and_numbers_remain_valid" time="0.394" /><testcase classname="backend.tests.test_iteration49_translation_and_push_readiness.TestTranslationCore" name="test_unknown_or_unsupported_languages_passthrough_200_exact_text" time="0.459" /><testcase classname="backend.tests.test_iteration49_translation_and_push_readiness.TestTranslationCore" name="test_empty_text_returns_422" time="0.076" /><testcase classname="backend.tests.test_iteration49_translation_and_push_readiness.TestTranslationCore" name="test_cache_true_on_repeat_same_user_and_not_shared_first_other_user" time="1.347" /><testcase classname="backend.tests.test_iteration49_translation_and_push_readiness.TestTranslationCore" name="test_dedup_concurrent_same_user_request" time="0.774" /><testcase classname="backend.tests.test_iteration49_translation_and_push_readiness.TestTranslationCore" name="test_translation_languages_endpoint_includes_te_eo_catalog" time="0.082" /><testcase classname="backend.tests.test_iteration49_translation_and_push_readiness.TestPushPreviewReadiness" name="test_register_push_returns_503_with_placeholder_key" time="0.080" /><testcase classname="backend.tests.test_iteration50_reaction_flow.TestReactionFlow" name="test_add_reaction_and_verify_persistence" time="0.924" /><testcase classname="backend.tests.test_iteration50_reaction_flow.TestReactionFlow" name="test_replace_reaction_same_user_no_duplicate" time="0.074" /><testcase classname="backend.tests.test_iteration50_reaction_flow.TestReactionFlow" name="test_same_reaction_toggles_off" time="0.070" /><testcase classname="backend.tests.test_iteration50_reaction_flow.TestReactionFlow" name="test_two_user_same_emoji_count_increments" time="0.143" /><testcase classname="backend.tests.test_iteration50_reaction_flow.TestReactionFlow" name="test_remove_one_user_keeps_other_user_reaction" time="0.074" /><testcase classname="backend.tests.test_iteration50_reaction_flow.TestReactionFlow" name="test_persistence_after_relogin" time="0.512" /><testcase classname="backend.tests.test_iteration51_reaction_unicode_catalog.TestReactionUnicodeCatalog" name="test_model_validator_accepts_full_emojibase_catalog_with_skins" time="0.050" /><testcase classname="backend.tests.test_iteration51_reaction_unicode_catalog.TestReactionUnicodeCatalog" name="test_api_rejects_invalid_reaction_inputs" time="0.919" /><testcase classname="backend.tests.test_iteration51_reaction_unicode_catalog.TestReactionUnicodeCatalog" name="test_api_accepts_complex_zwj_skin_reactions_and_toggle_persists" time="0.407" /></testsuite></testsuites>