<?xml version="1.0" encoding="utf-8"?><testsuites name="pytest tests"><testsuite name="pytest" errors="0" failures="0" skipped="0" tests="2" time="6.362" timestamp="2026-09-18T12:06:22.817613+00:00" hostname="agent-env-da20f7cf-66a0-4b04-8311-f80514897e4d"><testcase classname="tests.test_iteration44_room_time_quotas.TestRoomTimeAllowanceAndSerialization" name="test_free_create_not_blocked_by_legacy_host_counter_field" time="1.260" /><testcase classname="tests.test_iteration44_room_time_quotas.TestWatchdogAndQuotaBoundaries" name="test_warning_once_per_day_per_bucket_with_actual_websocket" time="4.905" /></testsuite></testsuites>