<?xml version="1.0" encoding="utf-8"?><testsuites name="pytest tests"><testsuite name="pytest" errors="0" failures="0" skipped="0" tests="9" time="3.660" timestamp="2026-09-05T02:37:43.568299+00:00" hostname="agent-env-072e406c-df05-4699-8ef0-49b26f5e0381"><testcase classname="backend.tests.test_iteration29_gift_gate.TestUsersMeGiftGateFields" name="test_put_users_me_accepts_gift_gate" time="1.103" /><testcase classname="backend.tests.test_iteration29_gift_gate.TestUsersMeGiftGateFields" name="test_gift_gate_min_bounds" time="0.119" /><testcase classname="backend.tests.test_iteration29_gift_gate.TestUsersMeGiftGateFields" name="test_user_card_includes_gift_gate" time="0.067" /><testcase classname="backend.tests.test_iteration29_gift_gate.TestGiftGate" name="test_practice_status_reflects_gift_gate" time="0.061" /><testcase classname="backend.tests.test_iteration29_gift_gate.TestGiftGate" name="test_message_send_blocked_402" time="0.126" /><testcase classname="backend.tests.test_iteration29_gift_gate.TestGiftGate" name="test_cheaper_gift_does_not_unlock" time="0.285" /><testcase classname="backend.tests.test_iteration29_gift_gate.TestGiftGate" name="test_qualifying_gift_unlocks" time="0.436" /><testcase classname="backend.tests.test_iteration29_gift_gate.TestReadReceipts" name="test_partner_read_at_updates" time="0.748" /><testcase classname="backend.tests.test_iteration29_gift_gate.TestPaidPracticeGate" name="test_full_flow" time="0.637" /></testsuite></testsuites>