<?xml version="1.0" encoding="utf-8"?><testsuites name="pytest tests"><testsuite name="pytest" errors="0" failures="0" skipped="0" tests="6" time="2.304" timestamp="2026-09-18T15:33:46.510029+00:00" hostname="agent-env-da20f7cf-66a0-4b04-8311-f80514897e4d"><testcase classname="backend.tests.test_iteration50_reaction_flow.TestReactionFlow" name="test_add_reaction_and_verify_persistence" time="1.185" /><testcase classname="backend.tests.test_iteration50_reaction_flow.TestReactionFlow" name="test_replace_reaction_same_user_no_duplicate" time="0.088" /><testcase classname="backend.tests.test_iteration50_reaction_flow.TestReactionFlow" name="test_same_reaction_toggles_off" time="0.085" /><testcase classname="backend.tests.test_iteration50_reaction_flow.TestReactionFlow" name="test_two_user_same_emoji_count_increments" time="0.182" /><testcase classname="backend.tests.test_iteration50_reaction_flow.TestReactionFlow" name="test_remove_one_user_keeps_other_user_reaction" time="0.085" /><testcase classname="backend.tests.test_iteration50_reaction_flow.TestReactionFlow" name="test_persistence_after_relogin" time="0.612" /></testsuite></testsuites>