<?xml version="1.0" encoding="utf-8"?><testsuites name="pytest tests"><testsuite name="pytest" errors="0" failures="0" skipped="0" tests="3" time="23.443" timestamp="2026-08-26T15:14:29.865375+00:00" hostname="agent-env-0236f028-bf33-45e6-ac8e-5ee4ace1d7f1"><testcase classname="backend.tests.test_iteration28_translate_transcribe.TestFreeTranslate" name="test_translate_15_times_all_200_no_quota" time="21.343" /><testcase classname="backend.tests.test_iteration28_translate_transcribe.TestReplyFullSnapshot" name="test_reply_preview_stores_full_text" time="0.912" /><testcase classname="backend.tests.test_iteration28_translate_transcribe.TestTranscribe" name="test_transcribe_existing_or_send_new" time="1.076" /></testsuite></testsuites>