<?xml version="1.0" encoding="utf-8"?><testsuites name="pytest tests"><testsuite name="pytest" errors="0" failures="0" skipped="0" tests="15" time="26.313" timestamp="2026-09-18T11:48:58.677817+00:00" hostname="agent-env-da20f7cf-66a0-4b04-8311-f80514897e4d"><testcase classname="backend.tests.test_iteration44_room_time_quotas.TestRoomTimeAllowanceAndSerialization" name="test_time_allowance_shape_and_vip_vs_free_contract" time="1.162" /><testcase classname="backend.tests.test_iteration44_room_time_quotas.TestRoomTimeAllowanceAndSerialization" name="test_free_create_not_blocked_by_legacy_host_counter_field" time="0.073" /><testcase classname="backend.tests.test_iteration44_room_time_quotas.TestRoomTimeAllowanceAndSerialization" name="test_join_rejoin_heartbeat_idempotent_and_nonmember_heartbeat_forbidden" time="1.761" /><testcase classname="backend.tests.test_iteration44_room_time_quotas.TestRoomTimeAllowanceAndSerialization" name="test_listener_speaker_moderator_share_listener_pool_host_is_separate" time="3.206" /><testcase classname="backend.tests.test_iteration44_room_time_quotas.TestRoomTimeAllowanceAndSerialization" name="test_joining_another_room_settles_previous_membership" time="0.512" /><testcase classname="backend.tests.test_iteration44_room_time_quotas.TestRoomTimeAllowanceAndSerialization" name="test_simultaneous_owned_rooms_sum_host_time" time="2.449" /><testcase classname="backend.tests.test_iteration44_room_time_quotas.TestRoomTimeAllowanceAndSerialization" name="test_kick_and_end_stop_listener_intervals_and_preserve_kicked_permissions" time="0.401" /><testcase classname="backend.tests.test_iteration44_room_time_quotas.TestRoomShareAndNotices" name="test_private_room_cannot_be_shared_to_moments" time="0.160" /><testcase classname="backend.tests.test_iteration44_room_time_quotas.TestRoomShareAndNotices" name="test_public_share_auto_tag_once_manual_caption_preserved_private_no_autopublish" time="0.752" /><testcase classname="backend.tests.test_iteration44_room_time_quotas.TestRoomShareAndNotices" name="test_notices_unread_preview_and_legacy_notice_serialization" time="0.247" /><testcase classname="backend.tests.test_iteration44_room_time_quotas.TestWatchdogAndQuotaBoundaries" name="test_listener_cap_watchdog_removes_listener_only_and_host_pool_stays_available" time="3.752" /><testcase classname="backend.tests.test_iteration44_room_time_quotas.TestWatchdogAndQuotaBoundaries" name="test_host_cap_watchdog_closes_owned_room_within_seconds" time="4.375" /><testcase classname="backend.tests.test_iteration44_room_time_quotas.TestWatchdogAndQuotaBoundaries" name="test_warning_once_per_day_per_bucket_with_actual_websocket" time="4.562" /><testcase classname="backend.tests.test_iteration44_room_time_quotas.TestVipExpiryAndPureClockMath" name="test_vip_bypass_then_expired_vip_uses_free_since_expiry" time="0.168" /><testcase classname="backend.tests.test_iteration44_room_time_quotas.TestVipExpiryAndPureClockMath" name="test_allowance_from_midnight_clipping_and_daily_reset_unit" time="2.561" /></testsuite></testsuites>