<?xml version="1.0" encoding="utf-8"?><testsuites name="pytest tests"><testsuite name="pytest" errors="0" failures="0" skipped="1" tests="6" time="4.144" timestamp="2026-09-05T03:06:42.569400+00:00" hostname="agent-env-072e406c-df05-4699-8ef0-49b26f5e0381"><testcase classname="backend.tests.test_iteration31_wallet_earnings.TestChatGiftDiamonds" name="test_gift_credits_recipient_diamonds_not_coins" time="2.157" /><testcase classname="backend.tests.test_iteration31_wallet_earnings.TestChatGiftDiamonds" name="test_gift_ledger_received_and_sent" time="0.200" /><testcase classname="backend.tests.test_iteration31_wallet_earnings.TestChatGiftDiamonds" name="test_wallet_tx_rows" time="0.215" /><testcase classname="backend.tests.test_iteration31_wallet_earnings.TestChatGiftDiamonds" name="test_insufficient_coins_returns_402" time="0.097"><skipped type="pytest.skip" message="Diego already has too many coins to test 402 without deletion">/app/backend/tests/test_iteration31_wallet_earnings.py:137: Diego already has too many coins to test 402 without deletion</skipped></testcase><testcase classname="backend.tests.test_iteration31_wallet_earnings.TestPaidPracticeWalletTx" name="test_unlock_credits_partner_and_writes_wallet_tx" time="1.287" /><testcase classname="backend.tests.test_iteration31_wallet_earnings.TestWalletBalance" name="test_get_wallet_reflects_state" time="0.123" /></testsuite></testsuites>