<?xml version="1.0" encoding="utf-8"?><testsuites name="pytest tests"><testsuite name="pytest" errors="0" failures="1" skipped="0" tests="7" time="2.597" timestamp="2026-09-18T06:44:10.587208+00:00" hostname="agent-env-da20f7cf-66a0-4b04-8311-f80514897e4d"><testcase classname="backend.tests.test_iteration37_billing_and_practice_toggle.TestBillingSafety" name="test_legacy_vip_and_topup_endpoints_are_410_and_wallet_unchanged" time="1.345" /><testcase classname="backend.tests.test_iteration37_billing_and_practice_toggle.TestBillingSafety" name="test_vip_market_catalog_item_is_not_coin_buyable" time="0.201" /><testcase classname="backend.tests.test_iteration37_billing_and_practice_toggle.TestBillingSafety" name="test_legacy_purchasevipitems_endpoint_closed" time="0.071"><failure message="assert 404 == 410&#10; +  where 404 = &lt;Response [404]&gt;.status_code">backend/tests/test_iteration37_billing_and_practice_toggle.py:139: in test_legacy_purchasevipitems_endpoint_closed
    assert res.status_code == 410
E   assert 404 == 410
E    +  where 404 = &lt;Response [404]&gt;.status_code</failure></testcase><testcase classname="backend.tests.test_iteration37_billing_and_practice_toggle.TestPracticeGiftMutualExclusion" name="test_both_true_payload_rejected_with_422" time="0.067" /><testcase classname="backend.tests.test_iteration37_billing_and_practice_toggle.TestPracticeGiftMutualExclusion" name="test_enable_one_mode_auto_disables_other_and_both_false_allowed" time="0.208" /><testcase classname="backend.tests.test_iteration37_billing_and_practice_toggle.TestPracticeGiftMutualExclusion" name="test_concurrent_enable_attempts_never_persist_both_true" time="0.410" /><testcase classname="backend.tests.test_iteration37_billing_and_practice_toggle.TestPracticeGiftMutualExclusion" name="test_practice_status_prioritizes_paid_mode_over_gift_gate" time="0.203" /></testsuite></testsuites>