<?xml version="1.0" encoding="utf-8"?><testsuites name="pytest tests"><testsuite name="pytest" errors="0" failures="0" skipped="0" tests="11" time="4.659" timestamp="2026-09-05T02:45:13.228161+00:00" hostname="agent-env-072e406c-df05-4699-8ef0-49b26f5e0381"><testcase classname="backend.tests.test_iteration30_paid_practice_isolation.TestPaidPracticePool" name="test_pool_nonempty" time="0.612" /><testcase classname="backend.tests.test_iteration30_paid_practice_isolation.TestPaidPracticePool" name="test_all_pool_users_have_paid_practice_true" time="0.096" /><testcase classname="backend.tests.test_iteration30_paid_practice_isolation.TestPaidPracticePool" name="test_expected_demo_names_present" time="0.110" /><testcase classname="backend.tests.test_iteration30_paid_practice_isolation.TestPaidPracticeIsolation" name="test_default_partners_excludes_paid" time="0.225" /><testcase classname="backend.tests.test_iteration30_paid_practice_isolation.TestPaidPracticeIsolation" name="test_language_all_excludes_paid" time="0.653" /><testcase classname="backend.tests.test_iteration30_paid_practice_isolation.TestPaidPracticeIsolation" name="test_language_specific_excludes_paid" time="0.808" /><testcase classname="backend.tests.test_iteration30_paid_practice_isolation.TestPaidPracticeIsolation" name="test_location_filter_excludes_paid" time="0.627" /><testcase classname="backend.tests.test_iteration30_paid_practice_isolation.TestPaidPracticeIsolation" name="test_gender_filter_excludes_paid" time="0.340" /><testcase classname="backend.tests.test_iteration30_paid_practice_isolation.TestPaidPracticeIsolation" name="test_online_only_excludes_paid" time="0.281" /><testcase classname="backend.tests.test_iteration30_paid_practice_isolation.TestPaidPracticeIsolation" name="test_search_excludes_paid" time="0.556" /><testcase classname="backend.tests.test_iteration30_paid_practice_isolation.TestPaidPracticeIsolation" name="test_min_max_age_excludes_paid" time="0.290" /></testsuite></testsuites>