<?xml version="1.0" encoding="utf-8"?><testsuites name="pytest tests"><testsuite name="pytest" errors="0" failures="0" skipped="1" tests="6" time="82.402" timestamp="2026-09-18T05:24:46.672644+00:00" hostname="agent-env-da20f7cf-66a0-4b04-8311-f80514897e4d"><testcase classname="backend.tests.test_iteration36_practice_filters_rtc.TestPracticeFiltersAndMatching" name="test_partners_filters_validation_casefold_and_literal_country_match" time="0.904"><skipped type="pytest.skip" message="QA2 has no country set; country filter cannot be validated">/app/backend/tests/test_iteration36_practice_filters_rtc.py:122: QA2 has no country set; country filter cannot be validated</skipped></testcase><testcase classname="backend.tests.test_iteration36_practice_filters_rtc.TestPracticeFiltersAndMatching" name="test_direct_call_rechecks_stored_availability_filters" time="0.963" /><testcase classname="backend.tests.test_iteration36_practice_filters_rtc.TestPracticeFiltersAndMatching" name="test_random_match_enforces_both_sides_preferences" time="1.419" /><testcase classname="backend.tests.test_iteration36_practice_filters_rtc.TestRtcCountdownAndAnswerRules" name="test_calls_endpoint_sets_authoritative_expires_at_and_45s_no_answer" time="45.685" /><testcase classname="backend.tests.test_iteration36_practice_filters_rtc.TestRtcCountdownAndAnswerRules" name="test_connecting_deadline_30s_after_accept_without_media_ready" time="30.826" /><testcase classname="backend.tests.test_iteration36_practice_filters_rtc.TestRtcCountdownAndAnswerRules" name="test_call_answer_receiver_only_before_accept_then_both_allowed" time="2.528" /></testsuite></testsuites>