<?xml version="1.0" encoding="utf-8"?><testsuites name="pytest tests"><testsuite name="pytest" errors="0" failures="0" skipped="0" tests="4" time="9.889" timestamp="2026-09-18T04:50:49.043360+00:00" hostname="agent-env-da20f7cf-66a0-4b04-8311-f80514897e4d"><testcase classname="tests.test_iteration34_calls_practice_captions.TestPracticeAvailabilityAndQueue" name="test_availability_requires_online_ws_and_partner_listing" time="1.814" /><testcase classname="tests.test_iteration34_calls_practice_captions.TestPracticeAvailabilityAndQueue" name="test_queue_match_cancel_and_single_reserved_callid" time="0.973" /><testcase classname="tests.test_iteration34_calls_practice_captions.TestRtcSignalingAndCaptionGates" name="test_participant_only_signaling_and_media_ready_connection_gate" time="1.817" /><testcase classname="tests.test_iteration34_calls_practice_captions.TestCaptionEngineRuntime" name="test_caption_audio_validation_and_local_translation_output" time="5.200" /></testsuite></testsuites>