<?xml version="1.0" encoding="utf-8"?><testsuites name="pytest tests"><testsuite name="pytest" errors="0" failures="0" skipped="0" tests="3" time="1.634" timestamp="2026-09-18T15:49:14.865861+00:00" hostname="agent-env-da20f7cf-66a0-4b04-8311-f80514897e4d"><testcase classname="backend.tests.test_iteration51_reaction_unicode_catalog.TestReactionUnicodeCatalog" name="test_model_validator_accepts_full_emojibase_catalog_with_skins" time="0.051" /><testcase classname="backend.tests.test_iteration51_reaction_unicode_catalog.TestReactionUnicodeCatalog" name="test_api_rejects_invalid_reaction_inputs" time="1.021" /><testcase classname="backend.tests.test_iteration51_reaction_unicode_catalog.TestReactionUnicodeCatalog" name="test_api_accepts_complex_zwj_skin_reactions_and_toggle_persists" time="0.412" /></testsuite></testsuites>