<?xml version="1.0" encoding="utf-8"?><testsuites name="pytest tests"><testsuite name="pytest" errors="0" failures="0" skipped="0" tests="3" time="1.647" timestamp="2026-09-18T10:58:06.152133+00:00" hostname="agent-env-da20f7cf-66a0-4b04-8311-f80514897e4d"><testcase classname="backend.tests.test_iteration42_call_tone_backend_smoke.TestRtcLifecycleSmoke" name="test_01_rtc_config_requires_auth_and_returns_ice_servers" time="0.785" /><testcase classname="backend.tests.test_iteration42_call_tone_backend_smoke.TestRtcLifecycleSmoke" name="test_02_create_call_state_and_cancel_then_state_404" time="0.443" /><testcase classname="backend.tests.test_iteration42_call_tone_backend_smoke.TestRtcLifecycleSmoke" name="test_03_practice_direct_call_requires_availability" time="0.359" /></testsuite></testsuites>