<?xml version="1.0" encoding="utf-8"?><testsuites name="pytest tests"><testsuite name="pytest" errors="0" failures="0" skipped="0" tests="7" time="2.259" timestamp="2026-09-18T06:48:15.926904+00:00" hostname="agent-env-da20f7cf-66a0-4b04-8311-f80514897e4d"><testcase classname="tests.test_iteration37_billing_and_practice_toggle.TestBillingSafety" name="test_legacy_vip_and_topup_endpoints_are_410_and_wallet_unchanged" time="1.170" /><testcase classname="tests.test_iteration37_billing_and_practice_toggle.TestBillingSafety" name="test_vip_market_catalog_item_is_not_coin_buyable" time="0.200" /><testcase classname="tests.test_iteration37_billing_and_practice_toggle.TestBillingSafety" name="test_unknown_purchase_endpoint_cannot_grant_vip" time="0.061" /><testcase classname="tests.test_iteration37_billing_and_practice_toggle.TestPracticeGiftMutualExclusion" name="test_both_true_payload_rejected_with_422" time="0.062" /><testcase classname="tests.test_iteration37_billing_and_practice_toggle.TestPracticeGiftMutualExclusion" name="test_enable_one_mode_auto_disables_other_and_both_false_allowed" time="0.195" /><testcase classname="tests.test_iteration37_billing_and_practice_toggle.TestPracticeGiftMutualExclusion" name="test_concurrent_enable_attempts_never_persist_both_true" time="0.287" /><testcase classname="tests.test_iteration37_billing_and_practice_toggle.TestPracticeGiftMutualExclusion" name="test_practice_status_prioritizes_paid_mode_over_gift_gate" time="0.210" /></testsuite></testsuites>