<?xml version="1.0" encoding="utf-8"?><testsuites name="pytest tests"><testsuite name="pytest" errors="0" failures="0" skipped="0" tests="9" time="3.431" timestamp="2026-09-18T10:45:55.825140+00:00" hostname="agent-env-da20f7cf-66a0-4b04-8311-f80514897e4d"><testcase classname="backend.tests.test_iteration41_inbox_preview_icons.TestInboxPreviewMetadata" name="test_01_text_emoji_lookalikes_remain_text" time="1.142" /><testcase classname="backend.tests.test_iteration41_inbox_preview_icons.TestInboxPreviewMetadata" name="test_02_voice_snapshot_has_type_and_duration" time="0.119" /><testcase classname="backend.tests.test_iteration41_inbox_preview_icons.TestInboxPreviewMetadata" name="test_03_call_missed_snapshot_has_call_metadata" time="0.117" /><testcase classname="backend.tests.test_iteration41_inbox_preview_icons.TestInboxPreviewMetadata" name="test_04_call_answered_snapshot_keeps_duration_and_status" time="0.122" /><testcase classname="backend.tests.test_iteration41_inbox_preview_icons.TestInboxPreviewMetadata" name="test_05_room_share_custom_caption_keeps_text_and_room_id" time="0.235" /><testcase classname="backend.tests.test_iteration41_inbox_preview_icons.TestInboxPreviewMetadata" name="test_06_unread_sender_created_at_rules_preserved" time="0.179" /><testcase classname="backend.tests.test_iteration41_inbox_preview_icons.TestInboxPreviewMetadata" name="test_07_legacy_missing_type_snapshot_hydrates_from_messages" time="0.306" /><testcase classname="backend.tests.test_iteration41_inbox_preview_icons.TestInboxPreviewMetadata" name="test_08_voice_preview_on_second_conversation" time="0.459" /><testcase classname="backend.tests.test_iteration41_inbox_preview_icons.TestInboxPreviewMetadata" name="test_09_group_room_preview_metadata_supported" time="0.661" /></testsuite></testsuites>