<?xml version="1.0" encoding="utf-8"?><testsuites name="pytest tests"><testsuite name="pytest" errors="0" failures="0" skipped="0" tests="22" time="13.209" timestamp="2026-09-18T17:32:28.902131+00:00" hostname="agent-env-da20f7cf-66a0-4b04-8311-f80514897e4d"><testcase classname="tests.test_iteration49_translation_and_push_readiness.TestTranslationCore" name="test_no_httpx_import_in_local_translation_modules" time="0.005" /><testcase classname="tests.test_iteration49_translation_and_push_readiness.TestTranslationCore" name="test_supported_multilingual_translations_local_provider" time="1.941" /><testcase classname="tests.test_iteration49_translation_and_push_readiness.TestTranslationCore" name="test_source_detection_sane_for_bn_and_ja" time="0.159" /><testcase classname="tests.test_iteration49_translation_and_push_readiness.TestTranslationCore" name="test_multiline_and_whitespace_preserved" time="0.078" /><testcase classname="tests.test_iteration49_translation_and_push_readiness.TestTranslationCore" name="test_long_input_not_silently_truncated" time="0.102" /><testcase classname="tests.test_iteration49_translation_and_push_readiness.TestTranslationCore" name="test_same_language_identity_valid" time="0.077" /><testcase classname="tests.test_iteration49_translation_and_push_readiness.TestTranslationCore" name="test_emoji_and_numbers_remain_valid" time="0.077" /><testcase classname="tests.test_iteration49_translation_and_push_readiness.TestTranslationCore" name="test_unsupported_targets_te_eo_rejected" time="5.185" /><testcase classname="tests.test_iteration49_translation_and_push_readiness.TestTranslationCore" name="test_empty_text_returns_422" time="0.105" /><testcase classname="tests.test_iteration49_translation_and_push_readiness.TestTranslationCore" name="test_cache_true_on_repeat_same_user_and_not_shared_first_other_user" time="1.421" /><testcase classname="tests.test_iteration49_translation_and_push_readiness.TestTranslationCore" name="test_dedup_concurrent_same_user_request" time="0.199" /><testcase classname="tests.test_iteration49_translation_and_push_readiness.TestTranslationCore" name="test_translation_languages_endpoint_does_not_advertise_te_eo" time="0.078" /><testcase classname="tests.test_iteration49_translation_and_push_readiness.TestPushPreviewReadiness" name="test_register_push_returns_503_with_placeholder_key" time="0.075" /><testcase classname="tests.test_iteration50_reaction_flow.TestReactionFlow" name="test_add_reaction_and_verify_persistence" time="0.986" /><testcase classname="tests.test_iteration50_reaction_flow.TestReactionFlow" name="test_replace_reaction_same_user_no_duplicate" time="0.080" /><testcase classname="tests.test_iteration50_reaction_flow.TestReactionFlow" name="test_same_reaction_toggles_off" time="0.079" /><testcase classname="tests.test_iteration50_reaction_flow.TestReactionFlow" name="test_two_user_same_emoji_count_increments" time="0.186" /><testcase classname="tests.test_iteration50_reaction_flow.TestReactionFlow" name="test_remove_one_user_keeps_other_user_reaction" time="0.079" /><testcase classname="tests.test_iteration50_reaction_flow.TestReactionFlow" name="test_persistence_after_relogin" time="0.554" /><testcase classname="tests.test_iteration51_reaction_unicode_catalog.TestReactionUnicodeCatalog" name="test_model_validator_accepts_full_emojibase_catalog_with_skins" time="0.050" /><testcase classname="tests.test_iteration51_reaction_unicode_catalog.TestReactionUnicodeCatalog" name="test_api_rejects_invalid_reaction_inputs" time="0.979" /><testcase classname="tests.test_iteration51_reaction_unicode_catalog.TestReactionUnicodeCatalog" name="test_api_accepts_complex_zwj_skin_reactions_and_toggle_persists" time="0.428" /></testsuite></testsuites>