<?xml version="1.0" encoding="utf-8"?><testsuites name="pytest tests"><testsuite name="pytest" errors="0" failures="0" skipped="0" tests="7" time="7.431" timestamp="2026-09-18T10:18:18.712402+00:00" hostname="agent-env-da20f7cf-66a0-4b04-8311-f80514897e4d"><testcase classname="tests.test_iteration38_practice_rooms_moderators.TestPracticePrivacyAndTimer" name="test_practice_call_sets_ends_at_only_after_both_media_ready_and_keeps_calls_collection_clean" time="2.992" /><testcase classname="tests.test_iteration38_practice_rooms_moderators.TestPracticePrivacyAndTimer" name="test_unit_expire_practice_broadcasts_duration_limit_and_clears_session" time="0.167" /><testcase classname="tests.test_iteration38_practice_rooms_moderators.TestRoomStageAndModerators" name="test_moderator_invite_reject_then_accept_preserves_role_and_sets_badge" time="0.684" /><testcase classname="tests.test_iteration38_practice_rooms_moderators.TestRoomStageAndModerators" name="test_moderator_authority_and_hierarchy_restrictions" time="0.803" /><testcase classname="tests.test_iteration38_practice_rooms_moderators.TestRoomStageAndModerators" name="test_stage_invite_accept_reject_and_forced_promotion_block" time="1.213" /><testcase classname="tests.test_iteration38_practice_rooms_moderators.TestRoomStageAndModerators" name="test_owner_leave_rejoin_keeps_host_identity_and_moderator_can_end" time="0.701" /><testcase classname="tests.test_iteration38_practice_rooms_moderators.TestRoomStageAndModerators" name="test_room_gift_credits_owner_not_moderator" time="0.749" /></testsuite></testsuites>